2024/03/25 12:14:59 ticker
2024/03/25 12:14:59 close game channel
2024/03/25 12:14:59 tickertimeoutchannel
2024/03/25 12:14:59 ticker input channel {   0 -1 }
2024/03/25 12:15:12 newGameChannel
2024/03/25 12:15:12 reconnect is  false
2024/03/25 12:15:12 reconnect is  false
2024/03/25 12:15:14 reconnect is  true
2024/03/25 12:15:14 reconnect is  true
2024/03/25 12:15:16 removePlayerChannel
2024/03/25 12:15:16 outputChannel
2024/03/25 12:15:16 reconnect is  false
2024/03/25 12:15:16 reconnect is  false
2024/03/25 12:15:18 removePlayerChannel
2024/03/25 12:15:18 outputChannel
2024/03/25 12:15:19 reconnect is  false
2024/03/25 12:15:19 reconnect is  false
2024/03/25 12:15:20 removePlayerChannel
2024/03/25 12:15:20 outputChannel
2024/03/25 12:16:12 ticker
2024/03/25 12:16:12 tickertimeoutchannel
2024/03/25 12:16:12 timeoutChannel
2024/03/25 12:16:43 reconnect is  false
2024/03/25 12:16:43 reconnect is  false
2024/03/25 12:16:45 newGameChannel
2024/03/25 12:16:45 reconnect is  false
2024/03/25 12:16:45 reconnect is  false
2024/03/25 12:16:51 reconnect is  true
2024/03/25 12:16:51 reconnect is  true
2024/03/25 12:17:12 ticker
2024/03/25 12:17:12 tickertimeoutchannel
2024/03/25 12:17:45 ticker
2024/03/25 12:17:45 tickertimeoutchannel
2024/03/25 12:17:45 timeoutChannel
